<?xml version="1.0" encoding="UTF-8"?>
<!-- Generated by org.testng.reporters.JUnitXMLReporter -->
<testsuite ignored="0" hostname="SravanBugga" failures="1" tests="1" name="Test" time="54.471" errors="0" timestamp="2024-09-23T13:58:02 IST">
  <testcase classname="testcases.TC_003_loginDDT" name="verifyloginDDT" time="0.0">
    <failure type="java.lang.RuntimeException" message="java.lang.NoClassDefFoundError: org/apache/logging/log4j/util/Lazy">
      <![CDATA[java.lang.RuntimeException: java.lang.NoClassDefFoundError: org/apache/logging/log4j/util/Lazy
at java.base/java.util.ArrayList.forEach(ArrayList.java:1596)
Caused by: java.lang.NoClassDefFoundError: org/apache/logging/log4j/util/Lazy
at org.apache.logging.log4j.core.selector.ClassLoaderContextSelector.<init>(ClassLoaderContextSelector.java:55)
at org.apache.logging.log4j.core.impl.Log4jContextFactory.createContextSelector(Log4jContextFactory.java:108)
at org.apache.logging.log4j.core.impl.Log4jContextFactory.<init>(Log4jContextFactory.java:60)
at java.base/java.lang.Class.newInstance(Class.java:725)
at org.apache.logging.log4j.LogManager.<clinit>(LogManager.java:95)
at org.apache.poi.ooxml.POIXMLDocumentPart.<clinit>(POIXMLDocumentPart.java:56)
at utilities.ExcelUtility.getRowCount(ExcelUtility.java:36)
at utilities.DataProviders.getData(DataProviders.java:18)
... 25 more
Caused by: java.lang.ClassNotFoundException: org.apache.logging.log4j.util.Lazy
at java.base/jdk.internal.loader.BuiltinClassLoader.loadClass(BuiltinClassLoader.java:641)
at java.base/jdk.internal.loader.ClassLoaders$AppClassLoader.loadClass(ClassLoaders.java:188)
at java.base/java.lang.ClassLoader.loadClass(ClassLoader.java:526)
... 42 more
... Removed 34 stack frames]]>
    </failure>
  </testcase> <!-- verifyloginDDT -->
</testsuite> <!-- Test -->
