<?xml version="1.0" encoding="UTF-8"?>
<testng-results ignored="0" total="2" passed="2" failed="0" skipped="0">
  <reporter-output>
  </reporter-output>
  <suite started-at="2024-06-28T19:06:51 IST" name="testng Suite" finished-at="2024-06-28T19:07:13 IST" duration-ms="22174">
    <groups>
      <group name="regression">
        <method signature="TC_002_Login.verifylogintest()[pri:0, instance:testcases.TC_002_Login@4f6ee6e4]" name="verifylogintest" class="testcases.TC_002_Login"/>
      </group> <!-- regression -->
      <group name="sanity">
        <method signature="TC_001_Register.verifyRegisterpage()[pri:0, instance:testcases.TC_001_Register@44ebcd03]" name="verifyRegisterpage" class="testcases.TC_001_Register"/>
      </group> <!-- sanity -->
      <group name="master">
        <method signature="TC_001_Register.verifyRegisterpage()[pri:0, instance:testcases.TC_001_Register@44ebcd03]" name="verifyRegisterpage" class="testcases.TC_001_Register"/>
        <method signature="TC_002_Login.verifylogintest()[pri:0, instance:testcases.TC_002_Login@4f6ee6e4]" name="verifylogintest" class="testcases.TC_002_Login"/>
      </group> <!-- master -->
    </groups>
    <test started-at="2024-06-28T19:06:51 IST" name="Test" finished-at="2024-06-28T19:07:13 IST" duration-ms="22174">
      <class name="testcases.TC_002_Login">
        <test-method is-config="true" signature="setup(java.lang.String,java.lang.String)[pri:0, instance:testcases.TC_002_Login@4f6ee6e4]" started-at="2024-06-28T19:07:08 IST" name="setup" finished-at="2024-06-28T19:07:11 IST" duration-ms="3046" status="PASS">
          <params>
            <param index="0">
              <value>
                <![CDATA[windows]]>
              </value>
            </param>
            <param index="1">
              <value>
                <![CDATA[chrome]]>
              </value>
            </param>
          </params>
          <reporter-output>
          </reporter-output>
        </test-method> <!-- setup -->
        <test-method signature="verifylogintest()[pri:0, instance:testcases.TC_002_Login@4f6ee6e4]" started-at="2024-06-28T19:07:11 IST" name="verifylogintest" finished-at="2024-06-28T19:07:13 IST" duration-ms="1808" status="PASS">
          <reporter-output>
          </reporter-output>
        </test-method> <!-- verifylogintest -->
        <test-method is-config="true" signature="teardown()[pri:0, instance:testcases.TC_002_Login@4f6ee6e4]" started-at="2024-06-28T19:07:13 IST" name="teardown" finished-at="2024-06-28T19:07:13 IST" duration-ms="178" status="PASS">
          <reporter-output>
          </reporter-output>
        </test-method> <!-- teardown -->
      </class> <!-- testcases.TC_002_Login -->
      <class name="testcases.TC_001_Register">
        <test-method is-config="true" signature="setup(java.lang.String,java.lang.String)[pri:0, instance:testcases.TC_001_Register@44ebcd03]" started-at="2024-06-28T19:06:51 IST" name="setup" finished-at="2024-06-28T19:06:55 IST" duration-ms="3981" status="PASS">
          <params>
            <param index="0">
              <value>
                <![CDATA[windows]]>
              </value>
            </param>
            <param index="1">
              <value>
                <![CDATA[chrome]]>
              </value>
            </param>
          </params>
          <reporter-output>
          </reporter-output>
        </test-method> <!-- setup -->
        <test-method signature="verifyRegisterpage()[pri:0, instance:testcases.TC_001_Register@44ebcd03]" started-at="2024-06-28T19:06:55 IST" name="verifyRegisterpage" finished-at="2024-06-28T19:07:08 IST" duration-ms="12576" status="PASS">
          <reporter-output>
          </reporter-output>
        </test-method> <!-- verifyRegisterpage -->
        <test-method is-config="true" signature="teardown()[pri:0, instance:testcases.TC_001_Register@44ebcd03]" started-at="2024-06-28T19:07:08 IST" name="teardown" finished-at="2024-06-28T19:07:08 IST" duration-ms="232" status="PASS">
          <reporter-output>
          </reporter-output>
        </test-method> <!-- teardown -->
      </class> <!-- testcases.TC_001_Register -->
    </test> <!-- Test -->
  </suite> <!-- testng Suite -->
</testng-results>
